<?xml version="1.0" encoding="UTF-8"?>
<testng-results ignored="0" total="1" passed="1" failed="0" skipped="0">
  <reporter-output>
  </reporter-output>
  <suite started-at="2025-04-10T14:34:38 EET" name="Default suite" finished-at="2025-04-10T14:34:43 EET" duration-ms="5112">
    <groups>
    </groups>
    <test started-at="2025-04-10T14:34:38 EET" name="Default test" finished-at="2025-04-10T14:34:43 EET" duration-ms="5112">
      <class name="Tests.Drag_Drop_Test">
        <test-method is-config="true" signature="Hello()[pri:0, instance:Tests.Drag_Drop_Test@77f1baf5]" started-at="2025-04-10T14:34:32 EET" name="Hello" finished-at="2025-04-10T14:34:38 EET" duration-ms="5664" status="PASS">
          <reporter-output>
          </reporter-output>
        </test-method> <!-- Hello -->
        <test-method signature="Drag_Drop()[pri:0, instance:Tests.Drag_Drop_Test@77f1baf5]" started-at="2025-04-10T14:34:38 EET" name="Drag_Drop" finished-at="2025-04-10T14:34:43 EET" duration-ms="5015" status="PASS">
          <reporter-output>
          </reporter-output>
        </test-method> <!-- Drag_Drop -->
        <test-method is-config="true" signature="EndTasks()[pri:0, instance:Tests.Drag_Drop_Test@77f1baf5]" started-at="2025-04-10T14:34:43 EET" name="EndTasks" finished-at="2025-04-10T14:34:43 EET" duration-ms="268" status="PASS">
          <reporter-output>
          </reporter-output>
        </test-method> <!-- EndTasks -->
      </class> <!-- Tests.Drag_Drop_Test -->
    </test> <!-- Default test -->
  </suite> <!-- Default suite -->
</testng-results>
